<?xml version="1.0" encoding="UTF-8"?>
<!-- Generated by org.testng.reporters.JUnitReportReporter -->
<testsuite skipped="0" hostname="WIN-NUTOTAM2N37" name="com.zomato.TestCases.RegisteredUserHomePageTest" tests="1" failures="0" timestamp="15 Jun 2018 05:31:59 GMT" time="26.756" errors="0">
  <testcase name="logout" time="26.756" classname="com.zomato.TestCases.RegisteredUserHomePageTest"/>
</testsuite> <!-- com.zomato.TestCases.RegisteredUserHomePageTest -->
